Using pre-set license
Built from '2022.3/staging' branch; Version is '2022.3.7f1 (b16b3b16c7a0) revision 11627323'; Using compiler version '192829333'; Build Type 'Release'
OS: 'Windows 11  (10.0.22000) 64bit Professional' Language: 'zh' Physical Memory: 23933 MB
BatchMode: 1, IsHumanControllingUs: 0, StartBugReporterOnCrash: 0, Is64bit: 1, IsPro: 1

COMMAND LINE ARGUMENTS:
E:\Program Files\Unity Hub\2022.3.7f1\Editor\Unity.exe
-adb2
-batchMode
-noUpm
-name
AssetImportWorker5
-projectPath
C:/Users/lenovo/Documents/GitHub/chess
-logFile
Logs/AssetImportWorker5.log
-srvPort
18015
Successfully changed project path to: C:/Users/lenovo/Documents/GitHub/chess
C:/Users/lenovo/Documents/GitHub/chess
[UnityMemory] Configuration Parameters - Can be set up in boot.config
    "memorysetup-bucket-allocator-granularity=16"
    "memorysetup-bucket-allocator-bucket-count=8"
    "memorysetup-bucket-allocator-block-size=33554432"
    "memorysetup-bucket-allocator-block-count=8"
    "memorysetup-main-allocator-block-size=16777216"
    "memorysetup-thread-allocator-block-size=16777216"
    "memorysetup-gfx-main-allocator-block-size=16777216"
    "memorysetup-gfx-thread-allocator-block-size=16777216"
    "memorysetup-cache-allocator-block-size=4194304"
    "memorysetup-typetree-allocator-block-size=2097152"
    "memorysetup-profiler-bucket-allocator-granularity=16"
    "memorysetup-profiler-bucket-allocator-bucket-count=8"
    "memorysetup-profiler-bucket-allocator-block-size=33554432"
    "memorysetup-profiler-bucket-allocator-block-count=8"
    "memorysetup-profiler-allocator-block-size=16777216"
    "memorysetup-profiler-editor-allocator-block-size=1048576"
    "memorysetup-temp-allocator-size-main=16777216"
    "memorysetup-job-temp-allocator-block-size=2097152"
    "memorysetup-job-temp-allocator-block-size-background=1048576"
    "memorysetup-job-temp-allocator-reduction-small-platforms=262144"
    "memorysetup-allocator-temp-initial-block-size-main=262144"
    "memorysetup-allocator-temp-initial-block-size-worker=262144"
    "memorysetup-temp-allocator-size-background-worker=32768"
    "memorysetup-temp-allocator-size-job-worker=262144"
    "memorysetup-temp-allocator-size-preload-manager=33554432"
    "memorysetup-temp-allocator-size-nav-mesh-worker=65536"
    "memorysetup-temp-allocator-size-audio-worker=65536"
    "memorysetup-temp-allocator-size-cloud-worker=32768"
    "memorysetup-temp-allocator-size-gi-baking-worker=262144"
    "memorysetup-temp-allocator-size-gfx=262144"
Player connection [31076] Host "[IP] 192.168.94.1 [Port] 0 [Flags] 2 [Guid] 1293570297 [EditorId] 1293570297 [Version] 1048832 [Id] WindowsEditor(7,DESKTOP-84EL184) [Debug] 1 [PackageName] WindowsEditor [ProjectName] Editor" joined multi-casting on [225.0.0.222:54997]...

Player connection [31076] Host "[IP] 192.168.94.1 [Port] 0 [Flags] 2 [Guid] 1293570297 [EditorId] 1293570297 [Version] 1048832 [Id] WindowsEditor(7,DESKTOP-84EL184) [Debug] 1 [PackageName] WindowsEditor [ProjectName] Editor" joined alternative multi-casting on [225.0.0.222:34997]...

Refreshing native plugins compatible for Editor in 8.62 ms, found 3 plugins.
Preloading 0 native plugins for Editor in 0.00 ms.
Initialize engine version: 2022.3.7f1 (b16b3b16c7a0)
[Subsystems] Discovering subsystems at path E:/Program Files/Unity Hub/2022.3.7f1/Editor/Data/Resources/UnitySubsystems
[Subsystems] Discovering subsystems at path C:/Users/lenovo/Documents/GitHub/chess/Assets
GfxDevice: creating device client; threaded=0; jobified=0
Direct3D:
    Version:  Direct3D 11.0 [level 11.1]
    Renderer: NVIDIA GeForce GTX 1650 (ID=0x1f99)
    Vendor:   NVIDIA
    VRAM:     3962 MB
    Driver:   31.0.15.1694
Initialize mono
Mono path[0] = 'E:/Program Files/Unity Hub/2022.3.7f1/Editor/Data/Managed'
Mono path[1] = 'E:/Program Files/Unity Hub/2022.3.7f1/Editor/Data/MonoBleedingEdge/lib/mono/unityjit-win32'
Mono config path = 'E:/Program Files/Unity Hub/2022.3.7f1/Editor/Data/MonoBleedingEdge/etc'
Using monoOptions --debugger-agent=transport=dt_socket,embedding=1,server=y,suspend=n,address=127.0.0.1:56276
Begin MonoManager ReloadAssembly
Registering precompiled unity dll's ...
Register platform support module: E:/Program Files/Unity Hub/2022.3.7f1/Editor/Data/PlaybackEngines/WebGLSupport/UnityEditor.WebGL.Extensions.dll
Register platform support module: E:/Program Files/Unity Hub/2022.3.7f1/Editor/Data/PlaybackEngines/WindowsStandaloneSupport/UnityEditor.WindowsStandalone.Extensions.dll
Registered in 0.005110 seconds.
- Loaded All Assemblies, in  0.381 seconds
Native extension for WindowsStandalone target not found
Native extension for WebGL target not found
Mono: successfully reloaded assembly
- Finished resetting the current domain, in  0.293 seconds
Domain Reload Profiling: 674ms
	BeginReloadAssembly (106ms)
		ExecutionOrderSort (0ms)
		DisableScriptedObjects (0ms)
		BackupInstance (0ms)
		ReleaseScriptingObjects (0ms)
		CreateAndSetChildDomain (1ms)
	RebuildCommonClasses (37ms)
	RebuildNativeTypeToScriptingClass (12ms)
	initialDomainReloadingComplete (61ms)
	LoadAllAssembliesAndSetupDomain (166ms)
		LoadAssemblies (106ms)
		RebuildTransferFunctionScriptingTraits (0ms)
		AnalyzeDomain (163ms)
			TypeCache.Refresh (162ms)
				TypeCache.ScanAssembly (148ms)
			ScanForSourceGeneratedMonoScriptInfo (0ms)
			ResolveRequiredComponents (1ms)
	FinalizeReload (293ms)
		ReleaseScriptCaches (0ms)
		RebuildScriptCaches (0ms)
		SetupLoadedEditorAssemblies (233ms)
			LogAssemblyErrors (0ms)
			InitializePlatformSupportModulesInManaged (8ms)
			SetLoadedEditorAssemblies (6ms)
			RefreshPlugins (0ms)
			BeforeProcessingInitializeOnLoad (2ms)
			ProcessInitializeOnLoadAttributes (156ms)
			ProcessInitializeOnLoadMethodAttributes (61ms)
			AfterProcessingInitializeOnLoad (0ms)
			EditorAssembliesLoaded (0ms)
		ExecutionOrderSort2 (0ms)
		AwakeInstancesAfterBackupRestoration (0ms)
========================================================================
Worker process is ready to serve import requests
Begin MonoManager ReloadAssembly
Symbol file LoadedFromMemory doesn't match image C:\Users\lenovo\Documents\GitHub\chess\Library\PackageCache\com.unity.visualscripting@1.8.0\Editor\VisualScripting.Core\Dependencies\YamlDotNet\Unity.VisualScripting.YamlDotNet.dll
Symbol file LoadedFromMemory doesn't match image C:\Users\lenovo\Documents\GitHub\chess\Library\PackageCache\com.unity.visualscripting@1.8.0\Editor\VisualScripting.Core\Dependencies\DotNetZip\Unity.VisualScripting.IonicZip.dll
- Loaded All Assemblies, in  0.618 seconds
Refreshing native plugins compatible for Editor in 3.13 ms, found 3 plugins.
Native extension for WindowsStandalone target not found
Native extension for WebGL target not found
Mono: successfully reloaded assembly
- Finished resetting the current domain, in  0.488 seconds
Domain Reload Profiling: 1105ms
	BeginReloadAssembly (153ms)
		ExecutionOrderSort (0ms)
		DisableScriptedObjects (7ms)
		BackupInstance (0ms)
		ReleaseScriptingObjects (0ms)
		CreateAndSetChildDomain (23ms)
	RebuildCommonClasses (39ms)
	RebuildNativeTypeToScriptingClass (12ms)
	initialDomainReloadingComplete (40ms)
	LoadAllAssembliesAndSetupDomain (373ms)
		LoadAssemblies (291ms)
		RebuildTransferFunctionScriptingTraits (0ms)
		AnalyzeDomain (170ms)
			TypeCache.Refresh (152ms)
				TypeCache.ScanAssembly (138ms)
			ScanForSourceGeneratedMonoScriptInfo (13ms)
			ResolveRequiredComponents (3ms)
	FinalizeReload (489ms)
		ReleaseScriptCaches (0ms)
		RebuildScriptCaches (0ms)
		SetupLoadedEditorAssemblies (336ms)
			LogAssemblyErrors (0ms)
			InitializePlatformSupportModulesInManaged (6ms)
			SetLoadedEditorAssemblies (5ms)
			RefreshPlugins (0ms)
			BeforeProcessingInitializeOnLoad (55ms)
			ProcessInitializeOnLoadAttributes (244ms)
			ProcessInitializeOnLoadMethodAttributes (24ms)
			AfterProcessingInitializeOnLoad (2ms)
			EditorAssembliesLoaded (0ms)
		ExecutionOrderSort2 (0ms)
		AwakeInstancesAfterBackupRestoration (7ms)
Launched and connected shader compiler UnityShaderCompiler.exe after 0.08 seconds
Refreshing native plugins compatible for Editor in 2.53 ms, found 3 plugins.
Preloading 0 native plugins for Editor in 0.00 ms.
Unloading 3069 Unused Serialized files (Serialized files now loaded: 0)
Unloading 31 unused Assets / (56.8 KB). Loaded Objects now: 3532.
Memory consumption went from 114.0 MB to 113.9 MB.
Total: 3.027900 ms (FindLiveObjects: 0.266900 ms CreateObjectMapping: 0.083900 ms MarkObjects: 2.517300 ms  DeleteObjects: 0.158400 ms)

AssetImportParameters requested are different than current active one (requested -> active):
  custom:container-demuxer-ogg: 62fdf1f143b41e24485cea50d1cbac27 -> 
  custom:scripting/monoscript/fileName/playerdata.cs: 295671b1b340a3a57ed856d641976c73 -> 
  custom:video-codec-MediaFoundation-h265: 746d11721c4dcdbdad8f713fa42b33f4 -> 
  custom:video-decoder-ogg-theora: a1e56fd34408186e4bbccfd4996cb3dc -> 
  custom:framework-win-MediaFoundation: 216162199b28c13a410421893ffa2e32 -> 
  custom:CustomObjectIndexerAttribute: 756ad292c208cfabdd7b50bc23989ffe -> 
  custom:container-demuxer-webm: 4f35f7cbe854078d1ac9338744f61a02 -> 
  custom:scripting/monoscript/fileName/piecesaction.cs: cfcaf0f8a5feb7c116376aea5c28b2a8 -> 
  custom:container-muxer-webm: aa71ff27fc2769a1b78a27578f13a17b -> 
  custom:video-decoder-webm-vp8: 9c59270c3fd7afecdb556c50c9e8de78 -> 
  custom:SearchIndexIgnoredProperties: e643bd26f0fe6173181afceb89e7c659 -> 
  custom:AudioImporter_EditorPlatform: d09bf68614088b80899f8185d706f6e7 -> 
  custom:video-encoder-webm-vp8: eb34c28f22e8b96e1ab97ce403110664 -> 
  custom:audio-decoder-ogg-vorbis: bf7c407c2cedff20999df2af8eb42d56 -> 
  custom:audio-encoder-webm-vorbis: bf7c407c2cedff20999df2af8eb42d56 -> 
========================================================================
Received Import Request.
  Time since last request: 379801.158286 seconds.
  path: Assets/Assets/UI Elements/White/2x/down arrow.png
  artifactKey: Guid(dd5ab83baa480ea44b966d7ca90d09bc) Importer(815301076,1909f56bfc062723c751e8b465ee728b)
Start importing Assets/Assets/UI Elements/White/2x/down arrow.png using Guid(dd5ab83baa480ea44b966d7ca90d09bc) Importer(815301076,1909f56bfc062723c751e8b465ee728b)  -> (artifact id: '5318c8698b3de97dc1e60b3b2d04ef18') in 0.114169 seconds
Number of updated asset objects reloaded before import = 0
Number of asset objects unloaded after import = 3
========================================================================
Received Import Request.
  Time since last request: 0.252831 seconds.
  path: Assets/Assets/UI Elements/White/2x/forward.png
  artifactKey: Guid(bddae3aceb3c720438ba301940cc6358) Importer(815301076,1909f56bfc062723c751e8b465ee728b)
Start importing Assets/Assets/UI Elements/White/2x/forward.png using Guid(bddae3aceb3c720438ba301940cc6358) Importer(815301076,1909f56bfc062723c751e8b465ee728b)  -> (artifact id: 'b1cce5bcd2dcbbfae14bac41724841a1') in 0.039850 seconds
Number of updated asset objects reloaded before import = 0
Number of asset objects unloaded after import = 3
========================================================================
Received Import Request.
  Time since last request: 0.598495 seconds.
  path: Assets/Assets/UI Elements/Black/1x/gamepad1.png
  artifactKey: Guid(815c9f9d3930c164c9926ca4c02aa0a8) Importer(815301076,1909f56bfc062723c751e8b465ee728b)
Start importing Assets/Assets/UI Elements/Black/1x/gamepad1.png using Guid(815c9f9d3930c164c9926ca4c02aa0a8) Importer(815301076,1909f56bfc062723c751e8b465ee728b)  -> (artifact id: '34ef5f1ad2c51e420f324473e078e592') in 0.024962 seconds
Number of updated asset objects reloaded before import = 0
Number of asset objects unloaded after import = 3
========================================================================
Received Import Request.
  Time since last request: 0.000023 seconds.
  path: Assets/Assets/UI Elements/Black/2x/gamepad2.png
  artifactKey: Guid(79c01f7e766773747bc9eee4f6a90179) Importer(815301076,1909f56bfc062723c751e8b465ee728b)
Start importing Assets/Assets/UI Elements/Black/2x/gamepad2.png using Guid(79c01f7e766773747bc9eee4f6a90179) Importer(815301076,1909f56bfc062723c751e8b465ee728b)  -> (artifact id: '2a208adfd2d3db0002399c3141087377') in 0.023710 seconds
Number of updated asset objects reloaded before import = 0
Number of asset objects unloaded after import = 3
========================================================================
Received Import Request.
  Time since last request: 0.003564 seconds.
  path: Assets/Assets/UI Elements/Black/2x/hamburger icon.png
  artifactKey: Guid(a8109a18a3c872844b67d55f6efda61a) Importer(815301076,1909f56bfc062723c751e8b465ee728b)
Start importing Assets/Assets/UI Elements/Black/2x/hamburger icon.png using Guid(a8109a18a3c872844b67d55f6efda61a) Importer(815301076,1909f56bfc062723c751e8b465ee728b)  -> (artifact id: '6e6196219dc1863f5ae2bcd7eaca625d') in 0.023925 seconds
Number of updated asset objects reloaded before import = 0
Number of asset objects unloaded after import = 3
========================================================================
Received Import Request.
  Time since last request: 0.004589 seconds.
  path: Assets/Assets/UI Elements/Black/1x/home.png
  artifactKey: Guid(d861e95eb4bfdb34392459f13906828e) Importer(815301076,1909f56bfc062723c751e8b465ee728b)
Start importing Assets/Assets/UI Elements/Black/1x/home.png using Guid(d861e95eb4bfdb34392459f13906828e) Importer(815301076,1909f56bfc062723c751e8b465ee728b)  -> (artifact id: '4c07f98e8ea59b2cf26556bd860029ab') in 0.051524 seconds
Number of updated asset objects reloaded before import = 0
Number of asset objects unloaded after import = 3
========================================================================
Received Import Request.
  Time since last request: 0.000030 seconds.
  path: Assets/Assets/UI Elements/Black/2x/leaderboard.png
  artifactKey: Guid(c165f489665a4da4cb145a1b792e8288) Importer(815301076,1909f56bfc062723c751e8b465ee728b)
Start importing Assets/Assets/UI Elements/Black/2x/leaderboard.png using Guid(c165f489665a4da4cb145a1b792e8288) Importer(815301076,1909f56bfc062723c751e8b465ee728b)  -> (artifact id: '51de928f147c2fcea4eb2c4ccd32f5e5') in 0.023423 seconds
Number of updated asset objects reloaded before import = 0
Number of asset objects unloaded after import = 3
========================================================================
Received Import Request.
  Time since last request: 0.000023 seconds.
  path: Assets/Assets/UI Elements/Black/1x/info.png
  artifactKey: Guid(a9e7616118c268a4eaaca886af7fa753) Importer(815301076,1909f56bfc062723c751e8b465ee728b)
Start importing Assets/Assets/UI Elements/Black/1x/info.png using Guid(a9e7616118c268a4eaaca886af7fa753) Importer(815301076,1909f56bfc062723c751e8b465ee728b)  -> (artifact id: 'bc97bbc37828a4df53aadc72a3be005a') in 0.024334 seconds
Number of updated asset objects reloaded before import = 0
Number of asset objects unloaded after import = 3
========================================================================
Received Import Request.
  Time since last request: 0.000025 seconds.
  path: Assets/Assets/UI Elements/Black/2x/info.png
  artifactKey: Guid(64cc06bcde84acd4a92cab89239386ff) Importer(815301076,1909f56bfc062723c751e8b465ee728b)
Start importing Assets/Assets/UI Elements/Black/2x/info.png using Guid(64cc06bcde84acd4a92cab89239386ff) Importer(815301076,1909f56bfc062723c751e8b465ee728b)  -> (artifact id: '5b5508272ced776e395a0c5d2eb3bb64') in 0.024250 seconds
Number of updated asset objects reloaded before import = 0
Number of asset objects unloaded after import = 3
========================================================================
Received Import Request.
  Time since last request: 0.000019 seconds.
  path: Assets/Assets/UI Elements/Extras/ProgressBars/loading2.png
  artifactKey: Guid(0cda1969c40b8db4fb2fcaeab340365d) Importer(815301076,1909f56bfc062723c751e8b465ee728b)
Start importing Assets/Assets/UI Elements/Extras/ProgressBars/loading2.png using Guid(0cda1969c40b8db4fb2fcaeab340365d) Importer(815301076,1909f56bfc062723c751e8b465ee728b)  -> (artifact id: '35d2f8eda9923fb6e82a839bf9bde1cf') in 0.026028 seconds
Number of updated asset objects reloaded before import = 0
Number of asset objects unloaded after import = 3
========================================================================
Received Import Request.
  Time since last request: 0.000044 seconds.
  path: Assets/Assets/UI Elements/White/1x/info.png
  artifactKey: Guid(953e21da8e9ad1f4c9df15470e4856d2) Importer(815301076,1909f56bfc062723c751e8b465ee728b)
Start importing Assets/Assets/UI Elements/White/1x/info.png using Guid(953e21da8e9ad1f4c9df15470e4856d2) Importer(815301076,1909f56bfc062723c751e8b465ee728b)  -> (artifact id: 'a7c63f18f4ca5cef60c147f02c2857ae') in 0.029706 seconds
Number of updated asset objects reloaded before import = 0
Number of asset objects unloaded after import = 3
========================================================================
Received Import Request.
  Time since last request: 0.000028 seconds.
  path: Assets/Assets/UI Elements/Black/1x/menu1.png
  artifactKey: Guid(77c9889fe111302458ba6ae627f0dadb) Importer(815301076,1909f56bfc062723c751e8b465ee728b)
Start importing Assets/Assets/UI Elements/Black/1x/menu1.png using Guid(77c9889fe111302458ba6ae627f0dadb) Importer(815301076,1909f56bfc062723c751e8b465ee728b)  -> (artifact id: 'e947fa8d89bb93dad66edbae62a47157') in 0.025110 seconds
Number of updated asset objects reloaded before import = 0
Number of asset objects unloaded after import = 3
========================================================================
Received Import Request.
  Time since last request: 0.000036 seconds.
  path: Assets/Assets/UI Elements/Black/1x/left arrow.png
  artifactKey: Guid(2b751643e14a05747ba418a17dbc024d) Importer(815301076,1909f56bfc062723c751e8b465ee728b)
Start importing Assets/Assets/UI Elements/Black/1x/left arrow.png using Guid(2b751643e14a05747ba418a17dbc024d) Importer(815301076,1909f56bfc062723c751e8b465ee728b)  -> (artifact id: 'caf714ece324eff2eea456ef4150eca8') in 0.023290 seconds
Number of updated asset objects reloaded before import = 0
Number of asset objects unloaded after import = 3
========================================================================
Received Import Request.
  Time since last request: 0.000026 seconds.
  path: Assets/Assets/UI Elements/Black/2x/lock.png
  artifactKey: Guid(8aba774e2d05817469850f5e46f4cb4d) Importer(815301076,1909f56bfc062723c751e8b465ee728b)
Start importing Assets/Assets/UI Elements/Black/2x/lock.png using Guid(8aba774e2d05817469850f5e46f4cb4d) Importer(815301076,1909f56bfc062723c751e8b465ee728b)  -> (artifact id: '83c66c232163cfe08548a76fc2baad5d') in 0.027399 seconds
Number of updated asset objects reloaded before import = 0
Number of asset objects unloaded after import = 3
========================================================================
Received Import Request.
  Time since last request: 0.000025 seconds.
  path: Assets/Assets/UI Elements/Black/1x/left.png
  artifactKey: Guid(c2dbc6dc470a3b046b8291ea5826c397) Importer(815301076,1909f56bfc062723c751e8b465ee728b)
Start importing Assets/Assets/UI Elements/Black/1x/left.png using Guid(c2dbc6dc470a3b046b8291ea5826c397) Importer(815301076,1909f56bfc062723c751e8b465ee728b)  -> (artifact id: '26239f53f3fa6267b36dc9317677b8c5') in 0.023259 seconds
Number of updated asset objects reloaded before import = 0
Number of asset objects unloaded after import = 3
========================================================================
Received Import Request.
  Time since last request: 0.000023 seconds.
  path: Assets/Assets/UI Elements/Black/2x/menu1.png
  artifactKey: Guid(93b4b95fa7d7d954092f862f57c880bf) Importer(815301076,1909f56bfc062723c751e8b465ee728b)
Start importing Assets/Assets/UI Elements/Black/2x/menu1.png using Guid(93b4b95fa7d7d954092f862f57c880bf) Importer(815301076,1909f56bfc062723c751e8b465ee728b)  -> (artifact id: '8eb8d8c6890d97d19e9ec9ea79a5994f') in 0.025958 seconds
Number of updated asset objects reloaded before import = 0
Number of asset objects unloaded after import = 3
========================================================================
Received Import Request.
  Time since last request: 0.007119 seconds.
  path: Assets/Assets/UI Elements/Black/2x/mic off.png
  artifactKey: Guid(e9c36d95f3c80d44c82628b84f79b82c) Importer(815301076,1909f56bfc062723c751e8b465ee728b)
Start importing Assets/Assets/UI Elements/Black/2x/mic off.png using Guid(e9c36d95f3c80d44c82628b84f79b82c) Importer(815301076,1909f56bfc062723c751e8b465ee728b)  -> (artifact id: '32216d59b3f0e87eceb4eb7bd90072bd') in 0.024395 seconds
Number of updated asset objects reloaded before import = 0
Number of asset objects unloaded after import = 3
========================================================================
Received Import Request.
  Time since last request: 0.006473 seconds.
  path: Assets/Assets/UI Elements/Black/1x/mic off.png
  artifactKey: Guid(ce68f53e6cbc56b4b83c7b870383462f) Importer(815301076,1909f56bfc062723c751e8b465ee728b)
Start importing Assets/Assets/UI Elements/Black/1x/mic off.png using Guid(ce68f53e6cbc56b4b83c7b870383462f) Importer(815301076,1909f56bfc062723c751e8b465ee728b)  -> (artifact id: '0ca112adb94aac2975a2c9e3d9622122') in 0.026981 seconds
Number of updated asset objects reloaded before import = 0
Number of asset objects unloaded after import = 3
========================================================================
Received Import Request.
  Time since last request: 0.000022 seconds.
  path: Assets/Assets/UI Elements/White/1x/mic on.png
  artifactKey: Guid(5e5ec5776ed884446a324f33e0242961) Importer(815301076,1909f56bfc062723c751e8b465ee728b)
Start importing Assets/Assets/UI Elements/White/1x/mic on.png using Guid(5e5ec5776ed884446a324f33e0242961) Importer(815301076,1909f56bfc062723c751e8b465ee728b)  -> (artifact id: '5f61271d400304eaa3632fcb55aad2d8') in 0.025005 seconds
Number of updated asset objects reloaded before import = 0
Number of asset objects unloaded after import = 3
========================================================================
Received Import Request.
  Time since last request: 0.000020 seconds.
  path: Assets/Assets/UI Elements/Black/2x/music on.png
  artifactKey: Guid(44f0b58ea8fab6346ba2b049cc2e4247) Importer(815301076,1909f56bfc062723c751e8b465ee728b)
Start importing Assets/Assets/UI Elements/Black/2x/music on.png using Guid(44f0b58ea8fab6346ba2b049cc2e4247) Importer(815301076,1909f56bfc062723c751e8b465ee728b)  -> (artifact id: '2623bc00f68626a49fd1ee3e5e50f961') in 0.026642 seconds
Number of updated asset objects reloaded before import = 0
Number of asset objects unloaded after import = 3
========================================================================
Received Import Request.
  Time since last request: 0.000026 seconds.
  path: Assets/Assets/UI Elements/Extras/Rects/rect4pxRy8.png
  artifactKey: Guid(90727ef1e5c911a4ebb89c62265b4dd6) Importer(815301076,1909f56bfc062723c751e8b465ee728b)
Start importing Assets/Assets/UI Elements/Extras/Rects/rect4pxRy8.png using Guid(90727ef1e5c911a4ebb89c62265b4dd6) Importer(815301076,1909f56bfc062723c751e8b465ee728b)  -> (artifact id: '17a788d1007d55347fd7a2d161fd26b1') in 0.023539 seconds
Number of updated asset objects reloaded before import = 0
Number of asset objects unloaded after import = 3
========================================================================
Received Import Request.
  Time since last request: 0.000037 seconds.
  path: Assets/Assets/UI Elements/Extras/Rects/roundRect.png
  artifactKey: Guid(a74dacc9bfcf47749a8630eac3456429) Importer(815301076,1909f56bfc062723c751e8b465ee728b)
Start importing Assets/Assets/UI Elements/Extras/Rects/roundRect.png using Guid(a74dacc9bfcf47749a8630eac3456429) Importer(815301076,1909f56bfc062723c751e8b465ee728b)  -> (artifact id: '9ee0de43e6864e9fc447b2d777ca38e4') in 0.022862 seconds
Number of updated asset objects reloaded before import = 0
Number of asset objects unloaded after import = 3
========================================================================
Received Import Request.
  Time since last request: 0.000024 seconds.
  path: Assets/Assets/UI Elements/White/2x/right exit.png
  artifactKey: Guid(cea396d6cd530524d9ba0ca67ace27f3) Importer(815301076,1909f56bfc062723c751e8b465ee728b)
Start importing Assets/Assets/UI Elements/White/2x/right exit.png using Guid(cea396d6cd530524d9ba0ca67ace27f3) Importer(815301076,1909f56bfc062723c751e8b465ee728b)  -> (artifact id: '17b66f79db71cb2f526a39ddf84081af') in 0.024632 seconds
Number of updated asset objects reloaded before import = 0
Number of asset objects unloaded after import = 3
========================================================================
Received Import Request.
  Time since last request: 0.000018 seconds.
  path: Assets/Assets/UI Elements/White/1x/sign2.png
  artifactKey: Guid(df199e17abfbe134d9cca069a7ac9248) Importer(815301076,1909f56bfc062723c751e8b465ee728b)
Start importing Assets/Assets/UI Elements/White/1x/sign2.png using Guid(df199e17abfbe134d9cca069a7ac9248) Importer(815301076,1909f56bfc062723c751e8b465ee728b)  -> (artifact id: '5f6c57cd7947b6f306a3fe339ea6a518') in 0.023323 seconds
Number of updated asset objects reloaded before import = 0
Number of asset objects unloaded after import = 3
========================================================================
Received Import Request.
  Time since last request: 0.000025 seconds.
  path: Assets/Assets/UI Elements/White/2x/stop.png
  artifactKey: Guid(9c18d498f968f814183bcd31c8c90cd5) Importer(815301076,1909f56bfc062723c751e8b465ee728b)
Start importing Assets/Assets/UI Elements/White/2x/stop.png using Guid(9c18d498f968f814183bcd31c8c90cd5) Importer(815301076,1909f56bfc062723c751e8b465ee728b)  -> (artifact id: '6a2f9487b8922095357164030ec35aac') in 0.023588 seconds
Number of updated asset objects reloaded before import = 0
Number of asset objects unloaded after import = 3
========================================================================
Received Import Request.
  Time since last request: 0.000022 seconds.
  path: Assets/Assets/UI Elements/Black/1x/stop.png
  artifactKey: Guid(092d6b2b2c0f4244296d429d21c4ae07) Importer(815301076,1909f56bfc062723c751e8b465ee728b)
Start importing Assets/Assets/UI Elements/Black/1x/stop.png using Guid(092d6b2b2c0f4244296d429d21c4ae07) Importer(815301076,1909f56bfc062723c751e8b465ee728b)  -> (artifact id: 'bfbc9c37a900b89cd7e61fa0596f7fcf') in 0.021683 seconds
Number of updated asset objects reloaded before import = 0
Number of asset objects unloaded after import = 3
========================================================================
Received Import Request.
  Time since last request: 0.000023 seconds.
  path: Assets/Assets/UI Elements/Extras/ProgressBars/Starprogress.png
  artifactKey: Guid(4b00c26149944254a804c18b63fd9c1c) Importer(815301076,1909f56bfc062723c751e8b465ee728b)
Start importing Assets/Assets/UI Elements/Extras/ProgressBars/Starprogress.png using Guid(4b00c26149944254a804c18b63fd9c1c) Importer(815301076,1909f56bfc062723c751e8b465ee728b)  -> (artifact id: '9a33c05401f7a35466a8434c7e5fca23') in 0.022881 seconds
Number of updated asset objects reloaded before import = 0
Number of asset objects unloaded after import = 3
========================================================================
Received Import Request.
  Time since last request: 0.000027 seconds.
  path: Assets/Assets/UI Elements/White/1x/settings.png
  artifactKey: Guid(ec785febb56d8bb469dd6cb6235ebcd2) Importer(815301076,1909f56bfc062723c751e8b465ee728b)
Start importing Assets/Assets/UI Elements/White/1x/settings.png using Guid(ec785febb56d8bb469dd6cb6235ebcd2) Importer(815301076,1909f56bfc062723c751e8b465ee728b)  -> (artifact id: '235be8531e5f118a22a353c2ba106832') in 0.022440 seconds
Number of updated asset objects reloaded before import = 0
Number of asset objects unloaded after import = 3
========================================================================
Received Import Request.
  Time since last request: 0.000021 seconds.
  path: Assets/Assets/UI Elements/White/2x/sign2.png
  artifactKey: Guid(ce290ade0c4f8d146aaeef139b5bd62d) Importer(815301076,1909f56bfc062723c751e8b465ee728b)
Start importing Assets/Assets/UI Elements/White/2x/sign2.png using Guid(ce290ade0c4f8d146aaeef139b5bd62d) Importer(815301076,1909f56bfc062723c751e8b465ee728b)  -> (artifact id: '19fdebfd118def72c5525057eff559c5') in 0.024323 seconds
Number of updated asset objects reloaded before import = 0
Number of asset objects unloaded after import = 3
========================================================================
Received Import Request.
  Time since last request: 0.000024 seconds.
  path: Assets/Assets/UI Elements/White/1x/music off.png
  artifactKey: Guid(7a19814244f58574fa6d9efdd064fa3e) Importer(815301076,1909f56bfc062723c751e8b465ee728b)
Start importing Assets/Assets/UI Elements/White/1x/music off.png using Guid(7a19814244f58574fa6d9efdd064fa3e) Importer(815301076,1909f56bfc062723c751e8b465ee728b)  -> (artifact id: 'b594413ca70abd8cc60e6686677ad28e') in 0.023535 seconds
Number of updated asset objects reloaded before import = 0
Number of asset objects unloaded after import = 3
========================================================================
Received Import Request.
  Time since last request: 0.000024 seconds.
  path: Assets/Assets/UI Elements/Black/1x/music on.png
  artifactKey: Guid(65d4f0924a9fa6e409ebc00b0dc161a4) Importer(815301076,1909f56bfc062723c751e8b465ee728b)
Start importing Assets/Assets/UI Elements/Black/1x/music on.png using Guid(65d4f0924a9fa6e409ebc00b0dc161a4) Importer(815301076,1909f56bfc062723c751e8b465ee728b)  -> (artifact id: '48595ac97f27f7dbae89c4b749e6ef15') in 0.026183 seconds
Number of updated asset objects reloaded before import = 0
Number of asset objects unloaded after import = 3
========================================================================
Received Import Request.
  Time since last request: 0.000093 seconds.
  path: Assets/Assets/UI Elements/Black/1x/south-east arrow.png
  artifactKey: Guid(addbf6f4ecafe274ea233dd0e3034ff1) Importer(815301076,1909f56bfc062723c751e8b465ee728b)
Start importing Assets/Assets/UI Elements/Black/1x/south-east arrow.png using Guid(addbf6f4ecafe274ea233dd0e3034ff1) Importer(815301076,1909f56bfc062723c751e8b465ee728b)  -> (artifact id: '3b8e24b68b7bacb76c4d2ac8142e1ea6') in 0.022868 seconds
Number of updated asset objects reloaded before import = 0
Number of asset objects unloaded after import = 3
========================================================================
Received Import Request.
  Time since last request: 0.000018 seconds.
  path: Assets/Assets/UI Elements/Black/2x/up arrow.png
  artifactKey: Guid(a2c6125c7dc62bd4bba3f4b831b1f966) Importer(815301076,1909f56bfc062723c751e8b465ee728b)
Start importing Assets/Assets/UI Elements/Black/2x/up arrow.png using Guid(a2c6125c7dc62bd4bba3f4b831b1f966) Importer(815301076,1909f56bfc062723c751e8b465ee728b)  -> (artifact id: 'd891a13a3355e543f8ca51405816ee6c') in 0.024694 seconds
Number of updated asset objects reloaded before import = 0
Number of asset objects unloaded after import = 3
========================================================================
Received Import Request.
  Time since last request: 0.000024 seconds.
  path: Assets/Assets/UI Elements/White/2x/up.png
  artifactKey: Guid(8a17f6ee71d7cd84893f3bf08e22e95a) Importer(815301076,1909f56bfc062723c751e8b465ee728b)
Start importing Assets/Assets/UI Elements/White/2x/up.png using Guid(8a17f6ee71d7cd84893f3bf08e22e95a) Importer(815301076,1909f56bfc062723c751e8b465ee728b)  -> (artifact id: '7f3fc110da831e84827587be763ecd7b') in 0.026926 seconds
Number of updated asset objects reloaded before import = 0
Number of asset objects unloaded after import = 3
========================================================================
Received Import Request.
  Time since last request: 0.000017 seconds.
  path: Assets/Assets/UI Elements/White/2x/yes-tic.png
  artifactKey: Guid(54170754f62f077438faab9a4362bc46) Importer(815301076,1909f56bfc062723c751e8b465ee728b)
Start importing Assets/Assets/UI Elements/White/2x/yes-tic.png using Guid(54170754f62f077438faab9a4362bc46) Importer(815301076,1909f56bfc062723c751e8b465ee728b)  -> (artifact id: 'a4af6fd20bde5a738b15b04e08a6a336') in 0.025978 seconds
Number of updated asset objects reloaded before import = 0
Number of asset objects unloaded after import = 3
========================================================================
Received Import Request.
  Time since last request: 0.000022 seconds.
  path: Assets/Assets/UI Elements/Black/2x/up.png
  artifactKey: Guid(82ed6b9a2a9cd0b429146bcad42a3f7f) Importer(815301076,1909f56bfc062723c751e8b465ee728b)
Start importing Assets/Assets/UI Elements/Black/2x/up.png using Guid(82ed6b9a2a9cd0b429146bcad42a3f7f) Importer(815301076,1909f56bfc062723c751e8b465ee728b)  -> (artifact id: 'f419ed64712c1651e304162002ab9db6') in 0.024128 seconds
Number of updated asset objects reloaded before import = 0
Number of asset objects unloaded after import = 3
========================================================================
Received Import Request.
  Time since last request: 0.000032 seconds.
  path: Assets/Assets/UI Elements/White/1x/video.png
  artifactKey: Guid(3718d157a9ae33d469bcd89dc6fe863f) Importer(815301076,1909f56bfc062723c751e8b465ee728b)
Start importing Assets/Assets/UI Elements/White/1x/video.png using Guid(3718d157a9ae33d469bcd89dc6fe863f) Importer(815301076,1909f56bfc062723c751e8b465ee728b)  -> (artifact id: '1b24ff05d0063e0a9fabfbf054750812') in 0.024848 seconds
Number of updated asset objects reloaded before import = 0
Number of asset objects unloaded after import = 3
========================================================================
Received Import Request.
  Time since last request: 0.000019 seconds.
  path: Assets/Assets/UI Elements/Extras/Rects/roundRect8px.png
  artifactKey: Guid(1404bccc6df90114eb3a195786762bfd) Importer(815301076,1909f56bfc062723c751e8b465ee728b)
Start importing Assets/Assets/UI Elements/Extras/Rects/roundRect8px.png using Guid(1404bccc6df90114eb3a195786762bfd) Importer(815301076,1909f56bfc062723c751e8b465ee728b)  -> (artifact id: '42d26a4e61015b677715e7bcd3f6be07') in 0.023889 seconds
Number of updated asset objects reloaded before import = 0
Number of asset objects unloaded after import = 3
========================================================================
Received Import Request.
  Time since last request: 0.000022 seconds.
  path: Assets/Assets/UI Elements/White/1x/noet-west arrow.png
  artifactKey: Guid(780e6142b43458e429a524d6d0a9b6d2) Importer(815301076,1909f56bfc062723c751e8b465ee728b)
Start importing Assets/Assets/UI Elements/White/1x/noet-west arrow.png using Guid(780e6142b43458e429a524d6d0a9b6d2) Importer(815301076,1909f56bfc062723c751e8b465ee728b)  -> (artifact id: 'c073831cd3ad13584c0b2fe22e221f47') in 0.023070 seconds
Number of updated asset objects reloaded before import = 0
Number of asset objects unloaded after import = 3
========================================================================
Received Import Request.
  Time since last request: 0.000023 seconds.
  path: Assets/Assets/UI Elements/Black/2x/settings.png
  artifactKey: Guid(f28e91e85de485944898befb512f19cd) Importer(815301076,1909f56bfc062723c751e8b465ee728b)
Start importing Assets/Assets/UI Elements/Black/2x/settings.png using Guid(f28e91e85de485944898befb512f19cd) Importer(815301076,1909f56bfc062723c751e8b465ee728b)  -> (artifact id: '727303fb4ef2a9c2206d50269fa77bab') in 0.023966 seconds
Number of updated asset objects reloaded before import = 0
Number of asset objects unloaded after import = 3
========================================================================
Received Import Request.
  Time since last request: 0.000027 seconds.
  path: Assets/Assets/UI Elements/White/2x/south-east arrow.png
  artifactKey: Guid(bc44ea1b1bcaab44b93549378feea5b1) Importer(815301076,1909f56bfc062723c751e8b465ee728b)
Start importing Assets/Assets/UI Elements/White/2x/south-east arrow.png using Guid(bc44ea1b1bcaab44b93549378feea5b1) Importer(815301076,1909f56bfc062723c751e8b465ee728b)  -> (artifact id: '8cd58204b08b775c3af2cd1e52ce06c5') in 0.023338 seconds
Number of updated asset objects reloaded before import = 0
Number of asset objects unloaded after import = 3
========================================================================
Received Import Request.
  Time since last request: 287.106846 seconds.
  path: Assets/Assets/UI Elements/Black/2x/star.png
  artifactKey: Guid(4869d39903b74944aa3d8f1992581d6a) Importer(815301076,1909f56bfc062723c751e8b465ee728b)
Start importing Assets/Assets/UI Elements/Black/2x/star.png using Guid(4869d39903b74944aa3d8f1992581d6a) Importer(815301076,1909f56bfc062723c751e8b465ee728b)  -> (artifact id: 'e440507d10846ced97acdd0d1015f39c') in 0.024329 seconds
Number of updated asset objects reloaded before import = 0
Number of asset objects unloaded after import = 3
========================================================================
Received Import Request.
  Time since last request: 0.000022 seconds.
  path: Assets/Assets/UI Elements/Black/1x/star.png
  artifactKey: Guid(792299b6da89b8f43b2f54dac62b9f98) Importer(815301076,1909f56bfc062723c751e8b465ee728b)
Start importing Assets/Assets/UI Elements/Black/1x/star.png using Guid(792299b6da89b8f43b2f54dac62b9f98) Importer(815301076,1909f56bfc062723c751e8b465ee728b)  -> (artifact id: 'fe86c2233189b561762b71a5f4e6bf06') in 0.023409 seconds
Number of updated asset objects reloaded before import = 0
Number of asset objects unloaded after import = 3
========================================================================
Received Import Request.
  Time since last request: 0.032660 seconds.
  path: Assets/Assets/UI Elements/Black/2x/south-west arrow.png
  artifactKey: Guid(6c60b5a73c62a2040aef57df65ade5a2) Importer(815301076,1909f56bfc062723c751e8b465ee728b)
Start importing Assets/Assets/UI Elements/Black/2x/south-west arrow.png using Guid(6c60b5a73c62a2040aef57df65ade5a2) Importer(815301076,1909f56bfc062723c751e8b465ee728b)  -> (artifact id: 'eb5bed7422e976f2eec7043bc8094b56') in 0.021569 seconds
Number of updated asset objects reloaded before import = 0
Number of asset objects unloaded after import = 3
========================================================================
Received Import Request.
  Time since last request: 0.000024 seconds.
  path: Assets/Assets/UI Elements/White/1x/south-west arrow.png
  artifactKey: Guid(836cc840e5e199640b27fd4c8b01701c) Importer(815301076,1909f56bfc062723c751e8b465ee728b)
Start importing Assets/Assets/UI Elements/White/1x/south-west arrow.png using Guid(836cc840e5e199640b27fd4c8b01701c) Importer(815301076,1909f56bfc062723c751e8b465ee728b)  -> (artifact id: '815ee191729c51b4327924c63c33c63a') in 0.021781 seconds
Number of updated asset objects reloaded before import = 0
Number of asset objects unloaded after import = 3
========================================================================
Received Import Request.
  Time since last request: 0.577776 seconds.
  path: Assets/Assets/UI Elements/Black/1x/sign1.png
  artifactKey: Guid(6c2f508c2c8885b48a9633a0775ae4a0) Importer(815301076,1909f56bfc062723c751e8b465ee728b)
Start importing Assets/Assets/UI Elements/Black/1x/sign1.png using Guid(6c2f508c2c8885b48a9633a0775ae4a0) Importer(815301076,1909f56bfc062723c751e8b465ee728b)  -> (artifact id: '29e10d02de9627c878c0b80ebb27bac8') in 0.024564 seconds
Number of updated asset objects reloaded before import = 0
Number of asset objects unloaded after import = 3
========================================================================
Received Import Request.
  Time since last request: 0.021889 seconds.
  path: Assets/Assets/UI Elements/White/1x/share.png
  artifactKey: Guid(79203e86ffda6904cb5ed1ea84b589b0) Importer(815301076,1909f56bfc062723c751e8b465ee728b)
Start importing Assets/Assets/UI Elements/White/1x/share.png using Guid(79203e86ffda6904cb5ed1ea84b589b0) Importer(815301076,1909f56bfc062723c751e8b465ee728b)  -> (artifact id: 'ea5615a4085dab505120dc4a4b10ed2e') in 0.021530 seconds
Number of updated asset objects reloaded before import = 0
Number of asset objects unloaded after import = 3
========================================================================
Received Import Request.
  Time since last request: 0.322000 seconds.
  path: Assets/Assets/UI Elements/Black/2x/right arrow.png
  artifactKey: Guid(ce0d295c54d699243a5006dedd92e0d7) Importer(815301076,1909f56bfc062723c751e8b465ee728b)
Start importing Assets/Assets/UI Elements/Black/2x/right arrow.png using Guid(ce0d295c54d699243a5006dedd92e0d7) Importer(815301076,1909f56bfc062723c751e8b465ee728b)  -> (artifact id: 'a6357eaf6cb827f05bddfffbad114b86') in 0.022250 seconds
Number of updated asset objects reloaded before import = 0
Number of asset objects unloaded after import = 3
========================================================================
Received Import Request.
  Time since last request: 0.315102 seconds.
  path: Assets/Assets/UI Elements/White/2x/right arrow.png
  artifactKey: Guid(6c66740ca7c5be442861e536cee1f920) Importer(815301076,1909f56bfc062723c751e8b465ee728b)
Start importing Assets/Assets/UI Elements/White/2x/right arrow.png using Guid(6c66740ca7c5be442861e536cee1f920) Importer(815301076,1909f56bfc062723c751e8b465ee728b)  -> (artifact id: '521e81165e60252e2cba3a211d6e028a') in 0.023301 seconds
Number of updated asset objects reloaded before import = 0
Number of asset objects unloaded after import = 3
========================================================================
Received Import Request.
  Time since last request: 0.000027 seconds.
  path: Assets/Assets/UI Elements/White/1x/right.png
  artifactKey: Guid(b0325800c9b52704ab3193529a278ab6) Importer(815301076,1909f56bfc062723c751e8b465ee728b)
Start importing Assets/Assets/UI Elements/White/1x/right.png using Guid(b0325800c9b52704ab3193529a278ab6) Importer(815301076,1909f56bfc062723c751e8b465ee728b)  -> (artifact id: '4d5c2bc2e880e65821102451fcb9f8ab') in 0.026186 seconds
Number of updated asset objects reloaded before import = 0
Number of asset objects unloaded after import = 3
========================================================================
Received Import Request.
  Time since last request: 0.000059 seconds.
  path: Assets/Assets/UI Elements/Black/1x/right.png
  artifactKey: Guid(e97298110256f8241be14ebe2c94e599) Importer(815301076,1909f56bfc062723c751e8b465ee728b)
Start importing Assets/Assets/UI Elements/Black/1x/right.png using Guid(e97298110256f8241be14ebe2c94e599) Importer(815301076,1909f56bfc062723c751e8b465ee728b)  -> (artifact id: 'bb72d880531cdb105712b974b154847c') in 0.023054 seconds
Number of updated asset objects reloaded before import = 0
Number of asset objects unloaded after import = 3
========================================================================
Received Import Request.
  Time since last request: 0.898845 seconds.
  path: Assets/Assets/UI Elements/Black/1x/pause.png
  artifactKey: Guid(4c231b5e34dcacd4680d70df86c53750) Importer(815301076,1909f56bfc062723c751e8b465ee728b)
Start importing Assets/Assets/UI Elements/Black/1x/pause.png using Guid(4c231b5e34dcacd4680d70df86c53750) Importer(815301076,1909f56bfc062723c751e8b465ee728b)  -> (artifact id: '98c2192a07fc642dd836401cc5d10683') in 0.028674 seconds
Number of updated asset objects reloaded before import = 0
Number of asset objects unloaded after import = 3
========================================================================
Received Import Request.
  Time since last request: 0.000218 seconds.
  path: Assets/Assets/UI Elements/White/1x/north-east arrow.png
  artifactKey: Guid(c093ba7d3e53324499e637b60c654ff5) Importer(815301076,1909f56bfc062723c751e8b465ee728b)
Start importing Assets/Assets/UI Elements/White/1x/north-east arrow.png using Guid(c093ba7d3e53324499e637b60c654ff5) Importer(815301076,1909f56bfc062723c751e8b465ee728b)  -> (artifact id: '25db9d754fa8f1a2fc191a270ae31388') in 0.025848 seconds
Number of updated asset objects reloaded before import = 0
Number of asset objects unloaded after import = 3
========================================================================
Received Import Request.
  Time since last request: 0.000030 seconds.
  path: Assets/Assets/UI Elements/Black/2x/north-west arrow.png
  artifactKey: Guid(da4302c90dbc89945a637bf940a5aae5) Importer(815301076,1909f56bfc062723c751e8b465ee728b)
Start importing Assets/Assets/UI Elements/Black/2x/north-west arrow.png using Guid(da4302c90dbc89945a637bf940a5aae5) Importer(815301076,1909f56bfc062723c751e8b465ee728b)  -> (artifact id: 'f414404a9e5e726aa92098d1fbbc2df9') in 0.023642 seconds
Number of updated asset objects reloaded before import = 0
Number of asset objects unloaded after import = 3
Editor requested this worker to shutdown with reason: Scaling down because of idle timeout
TcpMessagingSession - receive error: operation aborted. errorcode: 995, details: 由于线程退出或应用程序请求，已中止 I/O 操作。
AssetImportWorker is now disconnected from the server
Process exiting
Exiting without the bug reporter. Application will terminate with return code 0